
  [32m[1mVITE[22m v5.4.21[39m  [2mready in [0m[1m204[22m[2m[0m ms[22m

  [32m➜[39m  [1mLocal[22m:   [36mhttp://127.0.0.1:[1m5176[22m/[39m
[2m13:52:59[22m [36m[1m[vite][22m[39m [32mpage reload [39m[2msrc/views/list-view.js[22m
[2m13:53:14[22m [36m[1m[vite][22m[39m [32mpage reload [39m[2msrc/views/list-view.js[22m
[2m13:55:37[22m [36m[1m[vite][22m[39m [32mpage reload [39m[2msrc/views/list-view.js[22m
[2m13:59:05[22m [36m[1m[vite][22m[39m [32mpage reload [39m[2mindex.html[22m
[2m13:59:33[22m [36m[1m[vite][22m[39m [32mpage reload [39m[2msrc/views/header.js[22m
[2m13:59:46[22m [36m[1m[vite][22m[39m [32mpage reload [39m[2msrc/views/header.js[22m
[2m14:00:00[22m [36m[1m[vite][22m[39m [32mpage reload [39m[2msrc/lib/store.js[22m
[2m14:00:26[22m [36m[1m[vite][22m[39m [32mpage reload [39m[2msrc/lib/store.js[22m
[2m14:00:54[22m [36m[1m[vite][22m[39m [32mpage reload [39m[2msrc/lib/store.js[22m
[2m14:02:21[22m [36m[1m[vite][22m[39m [32mpage reload [39m[2msrc/views/school-card.js[22m
[2m14:03:06[22m [36m[1m[vite][22m[39m [32mhmr update [39m[2m/src/styles/app.css[22m
[2m14:17:52[22m [36m[1m[vite][22m[39m [32mpage reload [39m[2msrc/lib/icons.js[22m
[2m14:18:02[22m [36m[1m[vite][22m[39m [32mpage reload [39m[2msrc/lib/store.js[22m
[2m14:18:13[22m [36m[1m[vite][22m[39m [32mpage reload [39m[2msrc/lib/store.js[22m
[2m14:18:47[22m [36m[1m[vite][22m[39m [32mhmr update [39m[2m/src/styles/base.css[22m
[2m14:19:08[22m [36m[1m[vite][22m[39m [32mpage reload [39m[2msrc/views/header.js[22m
[2m14:19:19[22m [36m[1m[vite][22m[39m [32mpage reload [39m[2msrc/main.js[22m
[2m14:19:27[22m [36m[1m[vite][22m[39m [32mpage reload [39m[2mindex.html[22m
[2m14:57:25[22m [36m[1m[vite][22m[39m [32mhmr update [39m[2m/src/styles/base.css[22m
[2m14:57:25[22m [36m[1m[vite][22m[39m [32mhmr update [39m[2m/src/styles/base.css[22m
[2m14:57:25[22m [36m[1m[vite][22m[39m [32mhmr update [39m[2m/src/styles/base.css[22m
[2m14:57:26[22m [36m[1m[vite][22m[39m [32mhmr update [39m[2m/src/styles/base.css[22m
[2m14:58:21[22m [36m[1m[vite][22m[39m [32mpage reload [39m[2msrc/views/list-view.js[22m
[2m14:58:21[22m [36m[1m[vite][22m[39m [32mpage reload [39m[2msrc/views/school-card.js[22m
[2m14:58:21[22m [36m[1m[vite][22m[39m [32mpage reload [39m[2msrc/views/school-card.js[22m
[2m14:58:21[22m [36m[1m[vite][22m[39m [32mpage reload [39m[2msrc/views/detail-view.js[22m
[2m14:58:54[22m [36m[1m[vite][22m[39m [32mhmr update [39m[2m/src/styles/app.css[22m
[2m14:58:54[22m [36m[1m[vite][22m[39m [32mhmr update [39m[2m/src/styles/app.css[22m
[2m14:58:54[22m [36m[1m[vite][22m[39m [32mhmr update [39m[2m/src/styles/app.css[22m
[2m14:58:54[22m [36m[1m[vite][22m[39m [32mhmr update [39m[2m/src/styles/app.css[22m
[2m15:01:01[22m [36m[1m[vite][22m[39m [32mhmr update [39m[2m/src/styles/app.css[22m
[2m15:01:01[22m [36m[1m[vite][22m[39m [32mhmr update [39m[2m/src/styles/app.css[22m
[2m15:01:01[22m [36m[1m[vite][22m[39m [32mhmr update [39m[2m/src/styles/app.css[22m
[2m15:01:01[22m [36m[1m[vite][22m[39m [32mhmr update [39m[2m/src/styles/app.css[22m
[2m15:01:01[22m [36m[1m[vite][22m[39m [32mhmr update [39m[2m/src/styles/app.css[22m
[2m15:01:01[22m [36m[1m[vite][22m[39m [32mhmr update [39m[2m/src/styles/app.css[22m
[2m15:01:58[22m [36m[1m[vite][22m[39m [32mhmr update [39m[2m/src/styles/components.css[22m
[2m15:01:58[22m [36m[1m[vite][22m[39m [32mhmr update [39m[2m/src/styles/components.css[22m
[2m15:01:58[22m [36m[1m[vite][22m[39m [32mhmr update [39m[2m/src/styles/components.css[22m
[2m15:01:58[22m [36m[1m[vite][22m[39m [32mhmr update [39m[2m/src/styles/components.css[22m
[2m15:01:58[22m [36m[1m[vite][22m[39m [32mhmr update [39m[2m/src/styles/components.css[22m
[2m15:01:58[22m [36m[1m[vite][22m[39m [32mhmr update [39m[2m/src/styles/components.css[22m
